<?xml version="1.0" encoding="UTF-8"?>
<testng-results ignored="0" total="1" passed="1" failed="0" skipped="0">
  <reporter-output>
  </reporter-output>
  <suite started-at="2020-11-20T21:59:10 IST" name="Default suite" finished-at="2020-11-20T21:59:13 IST" duration-ms="2064">
    <groups>
    </groups>
    <test started-at="2020-11-20T21:59:10 IST" name="Default test" finished-at="2020-11-20T21:59:13 IST" duration-ms="2064">
      <class name="APITesting.com.org.apis.JsonServerRequest">
        <test-method signature="Test_03()[pri:0, instance:APITesting.com.org.apis.JsonServerRequest@48fa0f47]" started-at="2020-11-20T21:59:11 IST" name="Test_03" finished-at="2020-11-20T21:59:13 IST" duration-ms="2014" status="PASS">
          <reporter-output>
          </reporter-output>
        </test-method> <!-- Test_03 -->
      </class> <!-- APITesting.com.org.apis.JsonServerRequest -->
    </test> <!-- Default test -->
  </suite> <!-- Default suite -->
</testng-results>
