<?xml version="1.0" encoding="UTF-8"?>
<testng-results ignored="0" total="1" passed="1" failed="0" skipped="0">
  <reporter-output>
  </reporter-output>
  <suite started-at="2020-11-22T14:14:09 IST" name="Default suite" finished-at="2020-11-22T14:14:11 IST" duration-ms="1736">
    <groups>
    </groups>
    <test started-at="2020-11-22T14:14:09 IST" name="Default test" finished-at="2020-11-22T14:14:11 IST" duration-ms="1736">
      <class name="APITesting.com.org.apis.JsonServerRequest">
        <test-method signature="Test_07()[pri:0, instance:APITesting.com.org.apis.JsonServerRequest@75329a49]" started-at="2020-11-22T14:14:09 IST" name="Test_07" finished-at="2020-11-22T14:14:11 IST" duration-ms="1675" status="PASS">
          <reporter-output>
          </reporter-output>
        </test-method> <!-- Test_07 -->
      </class> <!-- APITesting.com.org.apis.JsonServerRequest -->
    </test> <!-- Default test -->
  </suite> <!-- Default suite -->
</testng-results>
